<?xml version="1.0" encoding="UTF-8"?>
<robot generated="20170717 17:11:49.179" generator="Robot 2.9 (Python 2.7.13 on win32)">
<suite source="C:\Users\devops\Desktop\hats-ci\virtualenv\testpage\test.robot" id="s1" name="hats">
<test id="s1-t1" name="Beanie test using Internet Explorer">
<kw name="Log" library="BuiltIn">
<doc>Logs the given message with the given level.</doc>
<arguments>
<arg>C:\\Users\\devops\\Desktop\\hats-ci\\virtualenv\\testpage</arg>
</arguments>
<msg timestamp="20170717 17:11:49.695" level="INFO">C:\Users\devops\Desktop\hats-ci\virtualenv\testpage</msg>
<status status="PASS" endtime="20170717 17:11:49.695" starttime="20170717 17:11:49.694"></status>
</kw>
<kw name="Run Keyword If" library="BuiltIn">
<doc>Runs the given keyword with the given arguments, if ``condition`` is true.</doc>
<arguments>
<arg>${IE_EXISTS}</arg>
<arg>Beanie test</arg>
<arg>ie</arg>
<arg>ELSE</arg>
<arg>Log</arg>
<arg>IE is not installed</arg>
</arguments>
<kw name="Beanie test">
<arguments>
<arg>ie</arg>
</arguments>
<kw name="Open Browser" library="Selenium2Library">
<doc>Opens a new browser instance to given URL.</doc>
<arguments>
<arg>file://C:\\Users\\devops\\Desktop\\hats-ci\\virtualenv\\testpage/Beanie.html</arg>
<arg>${browser}</arg>
</arguments>
<msg timestamp="20170717 17:11:49.698" level="INFO">Opening browser 'ie' to base url 'file://C:\Users\devops\Desktop\hats-ci\virtualenv\testpage/Beanie.html'</msg>
<status status="PASS" endtime="20170717 17:11:54.235" starttime="20170717 17:11:49.698"></status>
</kw>
<kw name="Wait Until Page Contains Element" library="Selenium2Library">
<doc>Waits until element specified with `locator` appears on current page.</doc>
<arguments>
<arg>//i[@id="link-edit-1-i"]</arg>
</arguments>
<status status="PASS" endtime="20170717 17:11:54.286" starttime="20170717 17:11:54.235"></status>
</kw>
<kw name="Click Element" library="Selenium2Library">
<doc>Click element identified by `locator`.</doc>
<arguments>
<arg>//i[@id="link-edit-1-i"]</arg>
</arguments>
<msg timestamp="20170717 17:11:54.287" level="INFO">Clicking element '//i[@id="link-edit-1-i"]'.</msg>
<status status="PASS" endtime="20170717 17:11:54.679" starttime="20170717 17:11:54.287"></status>
</kw>
<kw name="Wait Until Page Contains Element" library="Selenium2Library">
<doc>Waits until element specified with `locator` appears on current page.</doc>
<arguments>
<arg>//input[@name="device[name]"]</arg>
</arguments>
<status status="PASS" endtime="20170717 17:11:54.717" starttime="20170717 17:11:54.680"></status>
</kw>
<kw name="Input Text" library="Selenium2Library">
<doc>Types the given `text` into text field identified by `locator`.</doc>
<arguments>
<arg>//input[@name="device[name]"]</arg>
<arg>iPhone 7 - hello</arg>
</arguments>
<msg timestamp="20170717 17:11:54.718" level="INFO">Typing text 'iPhone 7 - hello' into text field '//input[@name="device[name]"]'</msg>
<status status="PASS" endtime="20170717 17:11:55.172" starttime="20170717 17:11:54.718"></status>
</kw>
<kw name="Wait Until Page Contains Element" library="Selenium2Library">
<doc>Waits until element specified with `locator` appears on current page.</doc>
<arguments>
<arg>//button[@name="button"]</arg>
</arguments>
<status status="PASS" endtime="20170717 17:11:55.208" starttime="20170717 17:11:55.173"></status>
</kw>
<kw name="Click Element" library="Selenium2Library">
<doc>Click element identified by `locator`.</doc>
<arguments>
<arg>//button[@name="button"]</arg>
</arguments>
<msg timestamp="20170717 17:11:55.209" level="INFO">Clicking element '//button[@name="button"]'.</msg>
<status status="PASS" endtime="20170717 17:11:55.390" starttime="20170717 17:11:55.209"></status>
</kw>
<kw name="Close Browser" library="Selenium2Library">
<doc>Closes the current browser.</doc>
<status status="PASS" endtime="20170717 17:11:58.719" starttime="20170717 17:11:55.390"></status>
</kw>
<status status="PASS" endtime="20170717 17:11:58.720" starttime="20170717 17:11:49.697"></status>
</kw>
<status status="PASS" endtime="20170717 17:11:58.720" starttime="20170717 17:11:49.696"></status>
</kw>
<status status="PASS" endtime="20170717 17:11:58.721" critical="yes" starttime="20170717 17:11:49.693"></status>
</test>
<test id="s1-t2" name="Beanie test using Chrome">
<kw name="Log" library="BuiltIn">
<doc>Logs the given message with the given level.</doc>
<arguments>
<arg>C:\\Users\\devops\\Desktop\\hats-ci\\virtualenv\\testpage</arg>
</arguments>
<msg timestamp="20170717 17:11:58.725" level="INFO">C:\Users\devops\Desktop\hats-ci\virtualenv\testpage</msg>
<status status="PASS" endtime="20170717 17:11:58.725" starttime="20170717 17:11:58.724"></status>
</kw>
<kw name="Run Keyword If" library="BuiltIn">
<doc>Runs the given keyword with the given arguments, if ``condition`` is true.</doc>
<arguments>
<arg>${CHROME_EXISTS}</arg>
<arg>Beanie test</arg>
<arg>chrome</arg>
<arg>ELSE</arg>
<arg>Log</arg>
<arg>Chrome is not installed</arg>
</arguments>
<kw name="Beanie test">
<arguments>
<arg>chrome</arg>
</arguments>
<kw name="Open Browser" library="Selenium2Library">
<doc>Opens a new browser instance to given URL.</doc>
<arguments>
<arg>file://C:\\Users\\devops\\Desktop\\hats-ci\\virtualenv\\testpage/Beanie.html</arg>
<arg>${browser}</arg>
</arguments>
<msg timestamp="20170717 17:11:58.728" level="INFO">Opening browser 'chrome' to base url 'file://C:\Users\devops\Desktop\hats-ci\virtualenv\testpage/Beanie.html'</msg>
<status status="PASS" endtime="20170717 17:12:04.373" starttime="20170717 17:11:58.727"></status>
</kw>
<kw name="Wait Until Page Contains Element" library="Selenium2Library">
<doc>Waits until element specified with `locator` appears on current page.</doc>
<arguments>
<arg>//i[@id="link-edit-1-i"]</arg>
</arguments>
<status status="PASS" endtime="20170717 17:12:04.391" starttime="20170717 17:12:04.374"></status>
</kw>
<kw name="Click Element" library="Selenium2Library">
<doc>Click element identified by `locator`.</doc>
<arguments>
<arg>//i[@id="link-edit-1-i"]</arg>
</arguments>
<msg timestamp="20170717 17:12:04.392" level="INFO">Clicking element '//i[@id="link-edit-1-i"]'.</msg>
<status status="PASS" endtime="20170717 17:12:04.586" starttime="20170717 17:12:04.391"></status>
</kw>
<kw name="Wait Until Page Contains Element" library="Selenium2Library">
<doc>Waits until element specified with `locator` appears on current page.</doc>
<arguments>
<arg>//input[@name="device[name]"]</arg>
</arguments>
<status status="PASS" endtime="20170717 17:12:04.608" starttime="20170717 17:12:04.586"></status>
</kw>
<kw name="Input Text" library="Selenium2Library">
<doc>Types the given `text` into text field identified by `locator`.</doc>
<arguments>
<arg>//input[@name="device[name]"]</arg>
<arg>iPhone 7 - hello</arg>
</arguments>
<msg timestamp="20170717 17:12:04.609" level="INFO">Typing text 'iPhone 7 - hello' into text field '//input[@name="device[name]"]'</msg>
<status status="PASS" endtime="20170717 17:12:04.737" starttime="20170717 17:12:04.608"></status>
</kw>
<kw name="Wait Until Page Contains Element" library="Selenium2Library">
<doc>Waits until element specified with `locator` appears on current page.</doc>
<arguments>
<arg>//button[@name="button"]</arg>
</arguments>
<status status="PASS" endtime="20170717 17:12:04.754" starttime="20170717 17:12:04.737"></status>
</kw>
<kw name="Click Element" library="Selenium2Library">
<doc>Click element identified by `locator`.</doc>
<arguments>
<arg>//button[@name="button"]</arg>
</arguments>
<msg timestamp="20170717 17:12:04.755" level="INFO">Clicking element '//button[@name="button"]'.</msg>
<status status="PASS" endtime="20170717 17:12:04.923" starttime="20170717 17:12:04.755"></status>
</kw>
<kw name="Close Browser" library="Selenium2Library">
<doc>Closes the current browser.</doc>
<status status="PASS" endtime="20170717 17:12:08.134" starttime="20170717 17:12:04.924"></status>
</kw>
<status status="PASS" endtime="20170717 17:12:08.135" starttime="20170717 17:11:58.726"></status>
</kw>
<status status="PASS" endtime="20170717 17:12:08.135" starttime="20170717 17:11:58.725"></status>
</kw>
<status status="PASS" endtime="20170717 17:12:08.136" critical="yes" starttime="20170717 17:11:58.723"></status>
</test>
<test id="s1-t3" name="Beanie test using Firefox">
<kw name="Log" library="BuiltIn">
<doc>Logs the given message with the given level.</doc>
<arguments>
<arg>C:\\Users\\devops\\Desktop\\hats-ci\\virtualenv\\testpage</arg>
</arguments>
<msg timestamp="20170717 17:12:08.140" level="INFO">C:\Users\devops\Desktop\hats-ci\virtualenv\testpage</msg>
<status status="PASS" endtime="20170717 17:12:08.140" starttime="20170717 17:12:08.139"></status>
</kw>
<kw name="Run Keyword If" library="BuiltIn">
<doc>Runs the given keyword with the given arguments, if ``condition`` is true.</doc>
<arguments>
<arg>${FF_EXISTS}</arg>
<arg>Beanie test</arg>
<arg>ff</arg>
<arg>ELSE</arg>
<arg>Log</arg>
<arg>Firefox is not installed</arg>
</arguments>
<kw name="Beanie test">
<arguments>
<arg>ff</arg>
</arguments>
<kw name="Open Browser" library="Selenium2Library">
<doc>Opens a new browser instance to given URL.</doc>
<arguments>
<arg>file://C:\\Users\\devops\\Desktop\\hats-ci\\virtualenv\\testpage/Beanie.html</arg>
<arg>${browser}</arg>
</arguments>
<msg timestamp="20170717 17:12:08.143" level="INFO">Opening browser 'ff' to base url 'file://C:\Users\devops\Desktop\hats-ci\virtualenv\testpage/Beanie.html'</msg>
<kw name="Capture Page Screenshot" library="Selenium2Library">
<doc>Takes a screenshot of the current page and embeds it into the log.</doc>
<msg timestamp="20170717 17:12:10.304" level="FAIL">No browser is open</msg>
<status status="FAIL" endtime="20170717 17:12:10.305" starttime="20170717 17:12:10.302"></status>
</kw>
<msg timestamp="20170717 17:12:10.305" level="WARN">Keyword 'Capture Page Screenshot' could not be run on failure: No browser is open</msg>
<msg timestamp="20170717 17:12:10.308" level="FAIL">WebDriverException: Message: Unable to find a matching set of capabilities
</msg>
<status status="FAIL" endtime="20170717 17:12:10.312" starttime="20170717 17:12:08.143"></status>
</kw>
<status status="FAIL" endtime="20170717 17:12:10.313" starttime="20170717 17:12:08.142"></status>
</kw>
<status status="FAIL" endtime="20170717 17:12:10.313" starttime="20170717 17:12:08.141"></status>
</kw>
<status status="FAIL" endtime="20170717 17:12:10.314" critical="yes" starttime="20170717 17:12:08.138">WebDriverException: Message: Unable to find a matching set of capabilities
</status>
</test>
<doc>A test suite with a single test for Beanie
Created by Robot Extension</doc>
<status status="FAIL" endtime="20170717 17:12:10.316" starttime="20170717 17:11:49.181"></status>
</suite>
<statistics>
<total>
<stat fail="1" pass="2">Critical Tests</stat>
<stat fail="1" pass="2">All Tests</stat>
</total>
<tag>
</tag>
<suite>
<stat fail="1" id="s1" name="hats" pass="2">hats</stat>
</suite>
</statistics>
<errors>
<msg timestamp="20170717 17:12:10.305" level="WARN">Keyword 'Capture Page Screenshot' could not be run on failure: No browser is open</msg>
</errors>
</robot>
